00000000000i[     ] Bochs x86 Emulator 2.4.2
00000000000i[     ]   Build from CVS snapshot on November 12, 2009
00000000000i[     ] System configuration
00000000000i[     ]   processors: 1 (cores=1, HT threads=1)
00000000000i[     ]   A20 line support: yes
00000000000i[     ] CPU configuration
00000000000i[     ]   level: 5
00000000000i[     ]   SMP support: no
00000000000i[     ]   APIC support: no
00000000000i[     ]   FPU support: yes
00000000000i[     ]   MMX support: yes
00000000000i[     ]   SSE support: no
00000000000i[     ]   CLFLUSH support: no
00000000000i[     ]   3dnow! support: no
00000000000i[     ]   x86-64 support: no
00000000000i[     ]   SEP support: no
00000000000i[     ]   MWAIT support: no
00000000000i[     ]   XSAVE support: no
00000000000i[     ]   AES support: no
00000000000i[     ]   VMX support: no
00000000000i[     ] Optimization configuration
00000000000i[     ]   RepeatSpeedups support: no
00000000000i[     ]   Trace cache support: no
00000000000i[     ]   Fast function calls: no
00000000000i[     ] Devices configuration
00000000000i[     ]   ACPI support: no
00000000000i[     ]   NE2000 support: no
00000000000i[     ]   PCI support: no, enabled=no
00000000000i[     ]   SB16 support: no
00000000000i[     ]   USB support: no
00000000000i[     ]   VGA extension support: vbe 
00000000000i[MEM0 ] allocated memory at 0xb6963008. after alignment, vector=0xb6964000
00000000000i[MEM0 ] 8.00MB
00000000000i[MEM0 ] mem block size = 0x00100000, blocks=8
00000000000i[MEM0 ] rom at 0xfffe0000/131072 ('/usr/share/bochs/BIOS-bochs-latest')
00000000000i[MEM0 ] rom at 0xc0000/40448 ('/usr/share/bochs/VGABIOS-lgpl-latest')
00000000000i[CMOS ] Using local time for initial clock
00000000000i[CMOS ] Setting initial clock to: Sun Jan  2 23:06:26 2011 (time0=1293977186)
00000000000i[DMA  ] channel 4 used by cascade
00000000000i[DMA  ] channel 2 used by Floppy Drive
00000000000i[FDD  ] fd0: 'fd.img' ro=0, h=2,t=80,spt=18
00000000000i[VGA  ] interval=300000
00000000000i[MEM0 ] Register memory access handlers: 0x000a0000 - 0x000bffff
00000000000i[XGUI ] test_alloc_colors: 16 colors available out of 16 colors tried
00000000000i[XGUI ] font 8 wide x 16 high, display depth = 24
00000000000i[MEM0 ] Register memory access handlers: 0xe0000000 - 0xe0ffffff
00000000000i[VGA  ] VBE Bochs Display Extension Enabled
00000000000i[     ] init_dev of 'unmapped' plugin device by virtual method
00000000000i[     ] init_dev of 'biosdev' plugin device by virtual method
00000000000i[     ] init_dev of 'speaker' plugin device by virtual method
00000000000i[SPEAK] Open /dev/console successfully
00000000000i[     ] init_dev of 'extfpuirq' plugin device by virtual method
00000000000i[     ] init_dev of 'keyboard' plugin device by virtual method
00000000000i[KBD  ] will paste characters every 1000 keyboard ticks
00000000000i[     ] init_dev of 'harddrv' plugin device by virtual method
00000000000i[HD   ] HD on ata0-0: 'diskc.img' 'flat' mode 
00000000000i[HD   ] translation on ata0-0 set to 'large'
00000000000i[HD   ] Using boot sequence floppy, none, none
00000000000i[HD   ] Floppy boot signature check is enabled
00000000000i[     ] init_dev of 'serial' plugin device by virtual method
00000000000i[SER  ] com1 at 0x03f8 irq 4
00000000000i[     ] init_dev of 'parallel' plugin device by virtual method
00000000000i[PAR  ] parallel port 1 at 0x0378 irq 7
00000000000i[     ] register state of 'unmapped' plugin device by virtual method
00000000000i[     ] register state of 'biosdev' plugin device by virtual method
00000000000i[     ] register state of 'speaker' plugin device by virtual method
00000000000i[     ] register state of 'extfpuirq' plugin device by virtual method
00000000000i[     ] register state of 'keyboard' plugin device by virtual method
00000000000i[     ] register state of 'harddrv' plugin device by virtual method
00000000000i[     ] register state of 'serial' plugin device by virtual method
00000000000i[     ] register state of 'parallel' plugin device by virtual method
00000000000i[SYS  ] bx_pc_system_c::Reset(HARDWARE) called
00000000000i[CPU0 ] cpu hardware reset
00000000000i[     ] reset of 'unmapped' plugin device by virtual method
00000000000i[     ] reset of 'biosdev' plugin device by virtual method
00000000000i[     ] reset of 'speaker' plugin device by virtual method
00000000000i[     ] reset of 'extfpuirq' plugin device by virtual method
00000000000i[     ] reset of 'keyboard' plugin device by virtual method
00000000000i[     ] reset of 'harddrv' plugin device by virtual method
00000000000i[     ] reset of 'serial' plugin device by virtual method
00000000000i[     ] reset of 'parallel' plugin device by virtual method
00000000000i[XGUI ] [x] Mouse off
00000003553i[BIOS ] $Revision: 1.231.2.1 $ $Date: 2009/06/07 07:49:09 $
00000317662i[KBD  ] reset-disable command received
00000444002i[VBIOS] VGABios $Id: vgabios.c,v 1.69 2009/04/07 18:18:20 vruppert Exp $
00000444073i[VGA  ] VBE known Display Interface b0c0
00000444105i[VGA  ] VBE known Display Interface b0c5
00000447030i[VBIOS] VBE Bios $Id: vbe.c,v 1.62 2009/01/25 15:46:25 vruppert Exp $
00000761415i[BIOS ] Starting rombios32
00000761872i[BIOS ] Shutdown flag 0
00000762484i[BIOS ] ram_size=0x00800000
00000762910i[BIOS ] ram_end=8MB
00000763388i[BIOS ] Found 1 cpu(s)
00000779396i[BIOS ] bios_table_addr: 0x000fba88 end=0x000fcc00
00000794389i[BIOS ] MP table addr=0x000fbb60 MPC table addr=0x000fba90 size=0xd0
00000796062i[BIOS ] SMBIOS table addr=0x000fbb70
00000796852i[BIOS ] bios_table_cur_addr: 0x000fbc7a
00000809105i[BIOS ] ata0-0: PCHS=40/8/64 translation=large LCHS=40/8/64
00001200000i[XGUI ] charmap update. Font Height is 16
00004689365i[BIOS ] IDE time out
00016897898i[BIOS ] Booting from 0000:7c00
00030563510i[FDD  ] controller reset in software
00335320000p[XGUI ] >>PANIC<< POWER button turned off.
00335320000i[CPU0 ] CPU is in protected mode (active)
00335320000i[CPU0 ] CS.d_b = 32 bit
00335320000i[CPU0 ] SS.d_b = 32 bit
00335320000i[CPU0 ] | EAX=00001000  EBX=00000000  ECX=00001000  EDX=00000000
00335320000i[CPU0 ] | ESP=00002f54  EBP=00002fb4  ESI=00000000  EDI=00000000
00335320000i[CPU0 ] | IOPL=0 id vip vif ac vm rf nt of df if tf sf zf af pf cf
00335320000i[CPU0 ] | SEG selector     base    limit G D
00335320000i[CPU0 ] | SEG sltr(index|ti|rpl)     base    limit G D
00335320000i[CPU0 ] |  CS:0008( 0001| 0|  0) 00000000 ffffffff 1 1
00335320000i[CPU0 ] |  DS:0010( 0002| 0|  0) 00000000 ffffffff 1 1
00335320000i[CPU0 ] |  SS:0010( 0002| 0|  0) 00000000 ffffffff 1 1
00335320000i[CPU0 ] |  ES:0010( 0002| 0|  0) 00000000 ffffffff 1 1
00335320000i[CPU0 ] |  FS:0000( 0000| 0|  0) 00000000 00000000 0 0
00335320000i[CPU0 ] |  GS:0000( 0000| 0|  0) 00000000 00000000 0 0
00335320000i[CPU0 ] | EIP=0001bc12 (0001bc12)
00335320000i[CPU0 ] | CR0=0x60000011 CR2=0x00000000
00335320000i[CPU0 ] | CR3=0x00000000 CR4=0x00000000
00335320000i[CPU0 ] 0x0001bc12>> push fs : 0FA0
00335320000i[CMOS ] Last time is 1293977269 (Sun Jan  2 23:07:49 2011)
00335320000i[XGUI ] Exit
00335320000i[     ] restoring default signal behavior
00335320000i[CTRL ] quit_sim called with exit code 1
